d:\usb_later\c++ boost\boostasioserver\x64\debug\boostasioserver.pdb
d:\usb_later\c++ boost\boostasioserver\x64\debug\boostasioserver.idb
d:\usb_later\c++ boost\boostasioserver\x64\debug\ctcpsocket.obj
d:\usb_later\c++ boost\boostasioserver\x64\debug\csession.obj
d:\usb_later\c++ boost\boostasioserver\x64\debug\cserversetting.obj
d:\usb_later\c++ boost\boostasioserver\x64\debug\csendpool.obj
d:\usb_later\c++ boost\boostasioserver\x64\debug\csender.obj
d:\usb_later\c++ boost\boostasioserver\x64\debug\cpackethandler.obj
d:\usb_later\c++ boost\boostasioserver\x64\debug\ciocontext.obj
d:\usb_later\c++ boost\boostasioserver\x64\debug\cgameuser.obj
d:\usb_later\c++ boost\boostasioserver\x64\debug\cfactory.obj
d:\usb_later\c++ boost\boostasioserver\x64\debug\cbuffer.obj
d:\usb_later\c++ boost\boostasioserver\x64\debug\cacceptor.obj
d:\usb_later\c++ boost\x64\debug\boostasioserver.lib
d:\c++ boost\boostasioserver\x64\debug\cacceptor.obj
d:\c++ boost\boostasioserver\x64\debug\cbuffer.obj
d:\c++ boost\boostasioserver\x64\debug\cfactory.obj
d:\c++ boost\boostasioserver\x64\debug\cgameuser.obj
d:\c++ boost\boostasioserver\x64\debug\ciocontext.obj
d:\c++ boost\boostasioserver\x64\debug\cpackethandler.obj
d:\c++ boost\boostasioserver\x64\debug\csender.obj
d:\c++ boost\boostasioserver\x64\debug\csendpool.obj
d:\c++ boost\boostasioserver\x64\debug\cserversetting.obj
d:\c++ boost\boostasioserver\x64\debug\csession.obj
d:\c++ boost\boostasioserver\x64\debug\csharedlock.obj
d:\c++ boost\boostasioserver\x64\debug\ctcphandler.obj
d:\c++ boost\boostasioserver\x64\debug\ctcpobject.obj
d:\c++ boost\boostasioserver\x64\debug\ctcpsession.obj
d:\c++ boost\boostasioserver\x64\debug\ctcpsocket.obj
d:\c++ boost\boostasioserver\x64\debug\cudphandler.obj
d:\c++ boost\boostasioserver\x64\debug\cudpobject.obj
d:\c++ boost\boostasioserver\x64\debug\cudpsession.obj
d:\c++ boost\boostasioserver\x64\debug\cudpsocket.obj
d:\c++ boost\boostasioserver\x64\debug\boostasioserver.idb
d:\c++ boost\boostasioserver\x64\debug\boostasioserver.pdb
d:\c++ boost\x64\debug\boostasioserver.pdb
d:\c++ boost\x64\debug\boostasioserver.lib
d:\c++ boost\boostasioserver\x64\debug\boostasioserver.tlog\cl.command.1.tlog
d:\c++ boost\boostasioserver\x64\debug\boostasioserver.tlog\cl.read.1.tlog
d:\c++ boost\boostasioserver\x64\debug\boostasioserver.tlog\cl.write.1.tlog
d:\c++ boost\boostasioserver\x64\debug\boostasioserver.tlog\lib-link.read.1.tlog
d:\c++ boost\boostasioserver\x64\debug\boostasioserver.tlog\lib-link.write.1.tlog
d:\c++ boost\boostasioserver\x64\debug\boostasioserver.tlog\lib.command.1.tlog
